<?xml version="1.0" encoding="UTF-8"?>
<!-- Generated by org.testng.reporters.JUnitXMLReporter -->
<testsuite ignored="2" hostname="LAPTOP-GQIBK4DL" failures="0" tests="0" time="11.696" errors="0" timestamp="2024-03-16T12:18:57 IST">
  <testcase classname="org.internal.eCommerce_Tc_1" name="EndToEndTest" time="0.0">
    <ignored/>
  </testcase> <!-- EndToEndTest -->
  <testcase classname="org.internal.eCommerce_Tc_1" name="EndToEndTestPositiveFlow" time="0.0">
    <ignored/>
  </testcase> <!-- EndToEndTestPositiveFlow -->
</testsuite>
